<?xml version="1.0" encoding="UTF-8"?>
<testsuite name="ohtuesimerkki.StatisticsTest" tests="5" skipped="0" failures="0" errors="0" timestamp="2020-02-08T21:00:32" hostname="Olli-Linux" time="0.013">
  <properties/>
  <testcase name="teamIncludesAllRelevantPlayersButNotMore" classname="ohtuesimerkki.StatisticsTest" time="0.004"/>
  <testcase name="teamIsEmptyIfNoTeamMembersExist" classname="ohtuesimerkki.StatisticsTest" time="0.001"/>
  <testcase name="nonExistingPlayerCannotBeFound" classname="ohtuesimerkki.StatisticsTest" time="0.0"/>
  <testcase name="existingPlayerCanBeFound" classname="ohtuesimerkki.StatisticsTest" time="0.0"/>
  <testcase name="top3ScorersCorrect" classname="ohtuesimerkki.StatisticsTest" time="0.001"/>
  <system-out><![CDATA[]]></system-out>
  <system-err><![CDATA[]]></system-err>
</testsuite>
