<?xml version="1.0" encoding="UTF-8"?>
<testsuite name="ohtu.matkakortti.KassapaateTest" tests="4" skipped="0" failures="0" errors="0" timestamp="2020-02-27T17:47:22" hostname="Olli-Linux" time="0.61">
  <properties/>
  <testcase name="kortiltaVelotetaanHintaJosRahaaOn" classname="ohtu.matkakortti.KassapaateTest" time="0.598"/>
  <testcase name="lataaminenKasvattaaSaldoaMikaliLatausPositiivinen" classname="ohtu.matkakortti.KassapaateTest" time="0.002"/>
  <testcase name="lataaminenEiKasvataSaldoaMikaliLatausNegatiivinen" classname="ohtu.matkakortti.KassapaateTest" time="0.002"/>
  <testcase name="kortiltaEiVelotetaJosRahaEiRiita" classname="ohtu.matkakortti.KassapaateTest" time="0.003"/>
  <system-out><![CDATA[]]></system-out>
  <system-err><![CDATA[]]></system-err>
</testsuite>
